<?xml version="1.0" encoding="UTF-8"?>
<testng-results skipped="0" failed="1" ignored="0" total="5" passed="4">
  <reporter-output>
  </reporter-output>
  <suite name="Default suite" duration-ms="35" started-at="2021-03-31T03:28:42Z" finished-at="2021-03-31T03:28:42Z">
    <groups>
    </groups>
    <test name="Default test" duration-ms="35" started-at="2021-03-31T03:28:42Z" finished-at="2021-03-31T03:28:42Z">
      <class name="javatestNGProject.TestNgMavenExampleTest">
        <test-method status="FAIL" signature="oneMoreTest()[pri:0, instance:javatestNGProject.TestNgMavenExampleTest@51efea79]" name="oneMoreTest" duration-ms="15" started-at="2021-03-30T23:28:42Z" finished-at="2021-03-30T23:28:42Z">
          <exception class="java.lang.AssertionError">
            <message>
              <![CDATA[Test Failed ]]>
            </message>
            <full-stacktrace>
              <![CDATA[java.lang.AssertionError: Test Failed 
	at org.testng.Assert.fail(Assert.java:93)
	at javatestNGProject.TestNgMavenExampleTest.oneMoreTest(TestNgMavenExampleTest.java:29)
	at sun.reflect.NativeMethodAccessorImpl.invoke0(Native Method)
	at sun.reflect.NativeMethodAccessorImpl.invoke(NativeMethodAccessorImpl.java:62)
	at sun.reflect.DelegatingMethodAccessorImpl.invoke(DelegatingMethodAccessorImpl.java:43)
	at java.lang.reflect.Method.invoke(Method.java:498)
	at org.testng.internal.MethodInvocationHelper.invokeMethod(MethodInvocationHelper.java:108)
	at org.testng.internal.Invoker.invokeMethod(Invoker.java:661)
	at org.testng.internal.Invoker.invokeTestMethod(Invoker.java:869)
	at org.testng.internal.Invoker.invokeTestMethods(Invoker.java:1193)
	at org.testng.internal.TestMethodWorker.invokeTestMethods(TestMethodWorker.java:126)
	at org.testng.internal.TestMethodWorker.run(TestMethodWorker.java:109)
	at org.testng.TestRunner.privateRun(TestRunner.java:744)
	at org.testng.TestRunner.run(TestRunner.java:602)
	at org.testng.SuiteRunner.runTest(SuiteRunner.java:380)
	at org.testng.SuiteRunner.runSequentially(SuiteRunner.java:375)
	at org.testng.SuiteRunner.privateRun(SuiteRunner.java:340)
	at org.testng.SuiteRunner.run(SuiteRunner.java:289)
	at org.testng.SuiteRunnerWorker.runSuite(SuiteRunnerWorker.java:52)
	at org.testng.SuiteRunnerWorker.run(SuiteRunnerWorker.java:86)
	at org.testng.TestNG.runSuitesSequentially(TestNG.java:1301)
	at org.testng.TestNG.runSuitesLocally(TestNG.java:1226)
	at org.testng.TestNG.runSuites(TestNG.java:1144)
	at org.testng.TestNG.run(TestNG.java:1115)
	at org.testng.remote.AbstractRemoteTestNG.run(AbstractRemoteTestNG.java:132)
	at org.testng.remote.RemoteTestNG.initAndRun(RemoteTestNG.java:230)
	at org.testng.remote.RemoteTestNG.main(RemoteTestNG.java:76)
]]>
            </full-stacktrace>
          </exception> <!-- java.lang.AssertionError -->
          <reporter-output>
          </reporter-output>
        </test-method> <!-- oneMoreTest -->
        <test-method status="PASS" signature="prameterTestOne(java.lang.String)[pri:0, instance:javatestNGProject.TestNgMavenExampleTest@51efea79]" name="prameterTestOne" duration-ms="0" started-at="2021-03-30T23:28:42Z" data-provider="scenarios" finished-at="2021-03-30T23:28:42Z">
          <params>
            <param index="0">
              <value>
                <![CDATA[TEstOne]]>
              </value>
            </param>
          </params>
          <reporter-output>
          </reporter-output>
        </test-method> <!-- prameterTestOne -->
        <test-method status="PASS" signature="prameterTestOne(java.lang.String)[pri:0, instance:javatestNGProject.TestNgMavenExampleTest@51efea79]" name="prameterTestOne" duration-ms="1" started-at="2021-03-30T23:28:42Z" data-provider="scenarios" finished-at="2021-03-30T23:28:42Z">
          <params>
            <param index="0">
              <value>
                <![CDATA[TEstTwo]]>
              </value>
            </param>
          </params>
          <reporter-output>
          </reporter-output>
        </test-method> <!-- prameterTestOne -->
        <test-method status="PASS" signature="prameterTestOne(java.lang.String)[pri:0, instance:javatestNGProject.TestNgMavenExampleTest@51efea79]" name="prameterTestOne" duration-ms="1" started-at="2021-03-30T23:28:42Z" data-provider="scenarios" finished-at="2021-03-30T23:28:42Z">
          <params>
            <param index="0">
              <value>
                <![CDATA[TEstTHREE]]>
              </value>
            </param>
          </params>
          <reporter-output>
          </reporter-output>
        </test-method> <!-- prameterTestOne -->
        <test-method status="PASS" signature="prameterTestOne(java.lang.String)[pri:0, instance:javatestNGProject.TestNgMavenExampleTest@51efea79]" name="prameterTestOne" duration-ms="0" started-at="2021-03-30T23:28:42Z" data-provider="scenarios" finished-at="2021-03-30T23:28:42Z">
          <params>
            <param index="0">
              <value>
                <![CDATA[TEstfour]]>
              </value>
            </param>
          </params>
          <reporter-output>
          </reporter-output>
        </test-method> <!-- prameterTestOne -->
      </class> <!-- javatestNGProject.TestNgMavenExampleTest -->
    </test> <!-- Default test -->
  </suite> <!-- Default suite -->
</testng-results>
