<?xml version="1.0" encoding="UTF-8"?>
<!-- Generated by org.testng.reporters.JUnitXMLReporter -->
<testsuite hostname="LAPTOP-4IBB4H2C" ignored="0" name="TestNgMavenTest" tests="4" failures="0" timestamp="20 Feb 2021 05:53:00 GMT" time="0.029" errors="0">
  <testcase name="@BeforeTest prameterBeforeTest" time="0.0" classname="javatestNGProject.TestNgMavenExampleTest">
    <failure type="org.testng.TestNGException" message="
Parameter &amp;apos;suite-param&amp;apos; is required by BeforeTest on method prameterBeforeTest but has not been marked @Optional or defined
in C:\Users\19378\eclipse-workspace\javaTestNGProject\testng_dev.xml">
      <![CDATA[org.testng.TestNGException: 
Parameter 'suite-param' is required by BeforeTest on method prameterBeforeTest but has not been marked @Optional or defined
in C:\Users\19378\eclipse-workspace\javaTestNGProject\testng_dev.xml
... Removed 20 stack frames]]>
    </failure>
  </testcase> <!-- @BeforeTest prameterBeforeTest -->
  <testcase name="prameterTestOne" time="0.0" classname="javatestNGProject.TestNgMavenExampleTest">
    <skipped/>
  </testcase> <!-- prameterTestOne -->
  <testcase name="prameterTestOne" time="0.0" classname="javatestNGProject.TestNgMavenExampleTest">
    <skipped/>
  </testcase> <!-- prameterTestOne -->
  <testcase name="prameterTestOne" time="0.0" classname="javatestNGProject.TestNgMavenExampleTest">
    <skipped/>
  </testcase> <!-- prameterTestOne -->
  <testcase name="prameterTestOne" time="0.0" classname="javatestNGProject.TestNgMavenExampleTest">
    <skipped/>
  </testcase> <!-- prameterTestOne -->
</testsuite> <!-- TestNgMavenTest -->
